This is XeTeX, Version 3.141592653-2.6-0.999993 (TeX Live 2021/W32TeX) (preloaded format=xelatex 2021.8.17)  18 AUG 2021 15:27
entering extended mode
 restricted \write18 enabled.
 %&-line parsing enabled.
**Rmarkdown_template.tex
(./Rmarkdown_template.tex
LaTeX2e <2021-06-01> patch level 1
L3 programming layer <2021-07-12>
(c:/Users/mc72574/AppData/Roaming/TinyTeX/texmf-dist/tex/latex/base/article.cls
Document Class: article 2021/02/12 v1.4n Standard LaTeX document class
(c:/Users/mc72574/AppData/Roaming/TinyTeX/texmf-dist/tex/latex/base/size10.clo
File: size10.clo 2021/02/12 v1.4n Standard LaTeX file (size option)
)
\c@part=\count178
\c@section=\count179
\c@subsection=\count180
\c@subsubsection=\count181
\c@paragraph=\count182
\c@subparagraph=\count183
\c@figure=\count184
\c@table=\count185
\abovecaptionskip=\skip47
\belowcaptionskip=\skip48
\bibindent=\dimen138
)

! LaTeX Error: File `Roboto.sty' not found.

Type X to quit or <RETURN> to proceed,
or enter new name. (Default extension: sty)

Enter file name: 
! Emergency stop.
<read *> 
         
l.9 \usepackage
               {amssymb,amsmath}^^M 
Here is how much of TeX's memory you used:
 235 strings out of 478475
 2954 string characters out of 5857362
 294917 words of memory out of 5000000
 20643 multiletter control sequences out of 15000+600000
 403438 words of font info for 28 fonts, out of 8000000 for 9000
 14 hyphenation exceptions out of 8191
 33i,0n,41p,158b,40s stack positions out of 5000i,500n,10000p,200000b,80000s

No pages of output.
